=== First Batch Load Execution - 2025-12-23 10:14:05 ===
[2025-12-23 10:14:05] Batch: 1 | URL: https://www.meridiano.com/post/apellido-acuna-jornada-lvbp.php | Date: 2025-11-30 | Status: SELECTED_FOR_PROCESSING | Message: URL queued for initial load
[2025-12-23 10:14:05] Batch: 1 | URL: https://www.meridiano.com/post/gorkys-hernandez-veterano-trono-bateo.php | Date: 2025-12-01 | Status: SELECTED_FOR_PROCESSING | Message: URL queued for initial load
[2025-12-23 10:14:05] Batch: 1 | URL: https://www.meridiano.com/post/leones-caracas-mueve-tablero-cambian-coaches-sotano.php | Date: 2025-12-02 | Status: SELECTED_FOR_PROCESSING | Message: URL queued for initial load
[2025-12-23 10:14:05] Batch: 1 | URL: https://www.meridiano.com/post/bravos-toma-punta-tabla-sin-escapados.php | Date: 2025-12-03 | Status: SELECTED_FOR_PROCESSING | Message: URL queued for initial load
[2025-12-23 10:14:05] Batch: 1 | URL: https://www.meridiano.com/post/tigres-rotacion-miedo-nate-antone.php | Date: 2025-12-04 | Status: SELECTED_FOR_PROCESSING | Message: URL queued for initial load
[2025-12-23 10:14:05] Batch: 1 | URL: https://www.meridiano.com/post/ramon-flores-motor-ofensiva-bravos.php | Date: 2025-12-04 | Status: SELECTED_FOR_PROCESSING | Message: URL queued for initial load
[2025-12-23 10:14:05] Batch: 1 | URL: https://www.meridiano.com/post/yilber-diaz-cerrador-joven-cambio-cara-caribes.php | Date: 2025-12-04 | Status: SELECTED_FOR_PROCESSING | Message: URL queued for initial load
[2025-12-23 10:14:05] Batch: 1 | URL: https://www.meridiano.com/post/post_plantilla.php | Date: 2025-12-04 | Status: SELECTED_FOR_PROCESSING | Message: URL queued for initial load
[2025-12-23 10:14:05] Batch: 1 | URL: https://www.meridiano.com/post/caribes-explota-virtudes-chico-carrasquel-jonron-sello-local.php | Date: 2025-12-04 | Status: SELECTED_FOR_PROCESSING | Message: URL queued for initial load
[2025-12-23 10:14:05] Batch: 1 | URL: https://www.meridiano.com/post/paridad-historica-tabla-posiciones-lvbp-2025-26.php | Date: 2025-12-04 | Status: SELECTED_FOR_PROCESSING | Message: URL queued for initial load
[2025-12-23 10:14:05] Batch: 1 | URL: https://www.meridiano.com/post/yilber-diaz-despide-caribes-ocho-semanas-noveno-inning.php | Date: 2025-12-04 | Status: SELECTED_FOR_PROCESSING | Message: URL queued for initial load
[2025-12-23 10:14:05] Batch: 1 | URL: https://www.meridiano.com/post/tiburones-mueve-avispero-ajustes-roster-vida-sin-areinamo.php | Date: 2025-12-04 | Status: SELECTED_FOR_PROCESSING | Message: URL queued for initial load
[2025-12-23 10:14:05] Batch: 1 | URL: https://www.meridiano.com/post/wilmer-font-volvio-abridor.php | Date: 2025-12-04 | Status: SELECTED_FOR_PROCESSING | Message: URL queued for initial load
[2025-12-23 10:14:05] Batch: 1 | URL: https://www.meridiano.com/post/angelo-castellano-termometro-lineup-aguilas-zulia.php | Date: 2025-12-04 | Status: SELECTED_FOR_PROCESSING | Message: URL queued for initial load
[2025-12-23 10:14:05] Batch: 1 | URL: https://www.meridiano.com/post/andry-lara-as-aguilas-maleta-medio-hecha.php | Date: 2025-12-04 | Status: SELECTED_FOR_PROCESSING | Message: URL queued for initial load
[2025-12-23 10:14:05] Batch: 1 | URL: https://www.meridiano.com/post/matatan-muchachos-alfonzo-historia-rivales.php | Date: 2025-12-04 | Status: SELECTED_FOR_PROCESSING | Message: URL queued for initial load
[2025-12-23 10:14:05] Batch: 1 | URL: https://www.meridiano.com/post/david-arrieta-barro-lvbp-elite-clasico-mundial.php | Date: 2025-12-04 | Status: SELECTED_FOR_PROCESSING | Message: URL queued for initial load
[2025-12-23 10:14:05] Batch: 1 | URL: https://www.meridiano.com/post/molina-endereza-brujula-efecto-puig-magallanes.php | Date: 2025-12-04 | Status: SELECTED_FOR_PROCESSING | Message: URL queued for initial load
[2025-12-23 10:14:05] Batch: 1 | URL: https://www.meridiano.com/post/yadier-molina-magallanes-segunda-etapa.php | Date: 2025-12-04 | Status: SELECTED_FOR_PROCESSING | Message: URL queued for initial load
[2025-12-23 10:14:05] Batch: 1 | URL: https://www.meridiano.com/post/lvbp-mas-pareja-nunca-todos-vida-enero.php | Date: 2025-12-04 | Status: SELECTED_FOR_PROCESSING | Message: URL queued for initial load
[2025-12-23 10:14:05] Batch: 1 | URL: https://www.meridiano.com/post/yonathan-daza-pieza-rol-caballo-lineup-melenudo.php | Date: 2025-12-04 | Status: SELECTED_FOR_PROCESSING | Message: URL queued for initial load
[2025-12-23 10:14:05] Batch: 1 | URL: https://www.meridiano.com/post/monasterio-vuelve-puerto-cruz-grandeliga-brujula-tribu.php | Date: 2025-12-04 | Status: SELECTED_FOR_PROCESSING | Message: URL queued for initial load
[2025-12-23 10:14:05] Batch: 1 | URL: https://www.meridiano.com/post/magallanes-moderniza-preparacion-ofensiva-maquina-bateo-calibrada.php | Date: 2025-12-04 | Status: SELECTED_FOR_PROCESSING | Message: URL queued for initial load
[2025-12-23 10:14:05] Batch: 1 | URL: https://www.meridiano.com/post/magallanes-boton-panico-coach-bateo-importacion.php | Date: 2025-12-04 | Status: SELECTED_FOR_PROCESSING | Message: URL queued for initial load
[2025-12-23 10:14:05] Batch: 1 | URL: https://www.meridiano.com/post/leones-caracas-lineup-pesado-no-sabe-correr.php | Date: 2025-12-04 | Status: SELECTED_FOR_PROCESSING | Message: URL queued for initial load
[2025-12-23 10:14:05] Batch: 1 | URL: https://www.meridiano.com/post/cinco-equipos-1-5-juegos-cima-respiracion-asistida.php | Date: 2025-12-04 | Status: SELECTED_FOR_PROCESSING | Message: URL queued for initial load
[2025-12-23 10:14:05] Batch: 1 | URL: https://www.meridiano.com/post/jose-quijada-zurdo-confianza-lomita-insular.php | Date: 2025-12-04 | Status: SELECTED_FOR_PROCESSING | Message: URL queued for initial load
[2025-12-23 10:14:05] Batch: 1 | URL: https://www.meridiano.com/post/jose-pirela-500-hits-lvbp.php | Date: 2025-12-04 | Status: SELECTED_FOR_PROCESSING | Message: URL queued for initial load
[2025-12-23 10:14:05] Batch: 1 | URL: https://www.meridiano.com/post/lvbp-encoge-aguilas-mando-cuatro-equipos-1-5-juegos.php | Date: 2025-12-04 | Status: SELECTED_FOR_PROCESSING | Message: URL queued for initial load
[2025-12-23 10:14:05] Batch: 1 | URL: https://www.meridiano.com/post/luis-pena-dominicano-ponches-plan-gobierno-guaira.php | Date: 2025-12-04 | Status: SELECTED_FOR_PROCESSING | Message: URL queued for initial load
[2025-12-23 10:14:05] Batch: 1 | URL: https://www.meridiano.com/post/magallanes-mueve-el-tablero.php | Date: 2025-12-05 | Status: SELECTED_FOR_PROCESSING | Message: URL queued for initial load
[2025-12-23 10:14:05] Batch: 1 | URL: https://www.meridiano.com/post/chinita-2025-aguilas-bravos-punta-maracaibo.php | Date: 2025-12-05 | Status: SELECTED_FOR_PROCESSING | Message: URL queued for initial load
[2025-12-23 10:14:05] Batch: 1 | URL: https://www.meridiano.com/post/tres-nombres-memoria-hernandez-garces-pulido-salon-fama-beisbol-venezolano.php | Date: 2025-12-05 | Status: SELECTED_FOR_PROCESSING | Message: URL queued for initial load
[2025-12-23 10:14:05] Batch: 1 | URL: https://www.meridiano.com/post/noche-golpes-autoridad-magallanes-enracha-tiburones-leones-puerto-cruz.php | Date: 2025-12-05 | Status: SELECTED_FOR_PROCESSING | Message: URL queued for initial load
[2025-12-23 10:14:05] Batch: 1 | URL: https://www.meridiano.com/post/resumen-04-dic-remontada-zuliana-joya-mata-bravos-firmes-punta.php | Date: 2025-12-05 | Status: SELECTED_FOR_PROCESSING | Message: URL queued for initial load
[2025-12-23 10:14:05] Batch: 1 | URL: https://www.meridiano.com/post/noche-barajo-cima-zulia-nave-caribes-aragua.php | Date: 2025-12-05 | Status: SELECTED_FOR_PROCESSING | Message: URL queued for initial load
[2025-12-23 10:14:05] Batch: 1 | URL: https://www.meridiano.com/post/castillo-y-muzziotti-el-par-de-encendidos-que-trepo-a-las-aguilas-hasta-la-azotea.php | Date: 2025-12-05 | Status: SELECTED_FOR_PROCESSING | Message: URL queued for initial load
[2025-12-23 10:14:05] Batch: 1 | URL: https://www.meridiano.com/post/luisangel-acuna-hermano-menor-protagonista-lvbp.php | Date: 2025-12-05 | Status: SELECTED_FOR_PROCESSING | Message: URL queued for initial load
[2025-12-23 10:14:05] Batch: 1 | URL: https://www.meridiano.com/post/harold-castro-lider-bate-lvbp-castigador-tiburones.php | Date: 2025-12-05 | Status: SELECTED_FOR_PROCESSING | Message: URL queued for initial load
[2025-12-23 10:14:05] Batch: 1 | URL: https://www.meridiano.com/post/bonaci-campocorto-reconstruyendo-levantar-caracas.php | Date: 2025-12-05 | Status: SELECTED_FOR_PROCESSING | Message: URL queued for initial load
[2025-12-23 10:14:05] Batch: 1 | URL: https://www.meridiano.com/post/domingo-papeles-9-movimientos-tablero-lvbp.php | Date: 2025-12-05 | Status: SELECTED_FOR_PROCESSING | Message: URL queued for initial load
[2025-12-23 10:14:05] Batch: 1 | URL: https://www.meridiano.com/post/kleininger-teran-apuesta-caribena-yadier-molina-encender-bates-magallanes.php | Date: 2025-12-05 | Status: SELECTED_FOR_PROCESSING | Message: URL queued for initial load
[2025-12-23 10:14:05] Batch: 1 | URL: https://www.meridiano.com/post/festival-batazos-puerto-la-cruz-tiburones-victoria-historica-caribes.php | Date: 2025-12-05 | Status: SELECTED_FOR_PROCESSING | Message: URL queued for initial load
[2025-12-23 10:14:05] Batch: 1 | URL: https://www.meridiano.com/post/noche-apreto-campeonato-bravos-asalta-cima-caribes-repite-nave-respira-lara-baja-volumen-caracas.php | Date: 2025-12-05 | Status: SELECTED_FOR_PROCESSING | Message: URL queued for initial load
[2025-12-23 10:14:05] Batch: 1 | URL: https://www.meridiano.com/post/tiburones-mueve-timon-gregorio-petit-marco-davalillo-mando.php | Date: 2025-12-05 | Status: SELECTED_FOR_PROCESSING | Message: URL queued for initial load
[2025-12-23 10:14:05] Batch: 1 | URL: https://www.meridiano.com/post/tabla-locura-lvbp-aprieta-3-5-juegos-septima-semana.php | Date: 2025-12-05 | Status: SELECTED_FOR_PROCESSING | Message: URL queued for initial load
[2025-12-23 10:14:05] Batch: 1 | URL: https://www.meridiano.com/post/lvbp-pantallas-streaming-juego.php | Date: 2025-12-05 | Status: SELECTED_FOR_PROCESSING | Message: URL queued for initial load
[2025-12-23 10:14:05] Batch: 1 | URL: https://www.meridiano.com/post/lvbp-madrugada-molina-wilson-balbino-500.php | Date: 2025-12-05 | Status: SELECTED_FOR_PROCESSING | Message: URL queued for initial load
[2025-12-23 10:14:05] Batch: 1 | URL: https://www.meridiano.com/post/leones-modo-mlb-alzolay-bullpen-salvador-perez-caja-bateo.php | Date: 2025-12-05 | Status: SELECTED_FOR_PROCESSING | Message: URL queued for initial load
[2025-12-23 10:14:05] Batch: 1 | URL: https://www.meridiano.com/post/jose-pirela-leyenda-segundo-impulsador-aguilas-zulia.php | Date: 2025-12-05 | Status: SELECTED_FOR_PROCESSING | Message: URL queued for initial load
[2025-12-23 10:14:05] Batch: 1 | URL: https://www.meridiano.com/post/gorkys-alberth-veteranos-caminos-elite.php | Date: 2025-12-05 | Status: SELECTED_FOR_PROCESSING | Message: URL queued for initial load
[2025-12-23 10:14:05] Batch: 1 | URL: https://www.meridiano.com/post/yonathan-daza-madero-ofensiva-leones.php | Date: 2025-12-05 | Status: SELECTED_FOR_PROCESSING | Message: URL queued for initial load
[2025-12-23 10:14:05] Batch: 1 | URL: https://www.meridiano.com/post/noche-guapos-aguilas-manda-magallanes-despierta-tabla-lvbp-aprieta.php | Date: 2025-12-05 | Status: SELECTED_FOR_PROCESSING | Message: URL queued for initial load
[2025-12-23 10:14:05] Batch: 1 | URL: https://www.meridiano.com/post/gabriel-arias-pausa-guaira-reconfigura-libreto-diciembre.php | Date: 2025-12-05 | Status: SELECTED_FOR_PROCESSING | Message: URL queued for initial load
[2025-12-23 10:14:05] Batch: 1 | URL: https://www.meridiano.com/post/jornada-golpes-directos-tiburones-magallanes-tigres-lara.php | Date: 2025-12-05 | Status: SELECTED_FOR_PROCESSING | Message: URL queued for initial load
[2025-12-23 10:14:05] Batch: 1 | URL: https://www.meridiano.com/post/gorkys-hernandez-21-juegos-seguidos-hit-tigres.php | Date: 2025-12-05 | Status: SELECTED_FOR_PROCESSING | Message: URL queued for initial load
[2025-12-23 10:14:05] Batch: 1 | URL: https://www.meridiano.com/post/octava-semana-riesgo-24-juegos-san-cristobal-mapa-lluvia-jonrones-valencia.php | Date: 2025-12-05 | Status: SELECTED_FOR_PROCESSING | Message: URL queued for initial load
[2025-12-23 10:14:05] Batch: 1 | URL: https://www.meridiano.com/post/salvador-perez-caracas-liderazgo-mision-kansas-city.php | Date: 2025-12-05 | Status: SELECTED_FOR_PROCESSING | Message: URL queued for initial load
[2025-12-23 10:14:05] Batch: 1 | URL: https://www.meridiano.com/post/gleyber-torres-leones.php | Date: 2025-12-05 | Status: SELECTED_FOR_PROCESSING | Message: URL queued for initial load
[2025-12-23 10:14:05] Batch: 1 | URL: https://www.meridiano.com/post/aguilas-vencen-a-bravos-4-3-en-maracaibo-eybersson-polanco-se-lleva-la-victoria.php | Date: 2025-12-05 | Status: SELECTED_FOR_PROCESSING | Message: URL queued for initial load
[2025-12-23 10:14:05] Batch: 1 | URL: https://www.meridiano.com/post/hernan-perez-corazon-ofensivo-caribes-apuntan-cima.php | Date: 2025-12-05 | Status: SELECTED_FOR_PROCESSING | Message: URL queued for initial load
[2025-12-23 10:14:05] Batch: 1 | URL: https://www.meridiano.com/post/henry-blanco-dos-juegos-al-dique-como-se-administra-un-clubhouse-sin-su-piloto.php | Date: 2025-12-05 | Status: SELECTED_FOR_PROCESSING | Message: URL queued for initial load
[2025-12-23 10:14:05] Batch: 1 | URL: https://www.meridiano.com/post/jornada-22-11-lvbp-lluvia-jonrones-blanqueos-tabla.php | Date: 2025-12-05 | Status: SELECTED_FOR_PROCESSING | Message: URL queued for initial load
[2025-12-23 10:14:05] Batch: 1 | URL: https://www.meridiano.com/post/clasicos-mueven-aguja-noche-sardinas-volteo-tablero-cima-apreto.php | Date: 2025-12-05 | Status: SELECTED_FOR_PROCESSING | Message: URL queued for initial load
[2025-12-23 10:14:05] Batch: 1 | URL: https://www.meridiano.com/post/jornada-volteo-tabla-remontada-turca-bravos-encendido-senales-cruzadas-diciembre.php | Date: 2025-12-05 | Status: SELECTED_FOR_PROCESSING | Message: URL queued for initial load
[2025-12-23 10:14:05] Batch: 1 | URL: https://www.meridiano.com/post/rocio-despues-temblor-efecto-domino-cese-guaira.php | Date: 2025-12-05 | Status: SELECTED_FOR_PROCESSING | Message: URL queued for initial load
[2025-12-23 10:14:05] Batch: 1 | URL: https://www.meridiano.com/post/gran-caracas-asegura-sede-serie-caribe-2026.php | Date: 2025-12-05 | Status: SELECTED_FOR_PROCESSING | Message: URL queued for initial load
[2025-12-23 10:14:05] Batch: 1 | URL: https://www.meridiano.com/post/tabla-estira-arriba-arde-abajo-lvbp-20-n.php | Date: 2025-12-05 | Status: SELECTED_FOR_PROCESSING | Message: URL queued for initial load
[2025-12-23 10:14:05] Batch: 1 | URL: https://www.meridiano.com/post/edgardo-fermin-mvp-liga-mayor-tigres-aragua.php | Date: 2025-12-05 | Status: SELECTED_FOR_PROCESSING | Message: URL queued for initial load
[2025-12-23 10:14:05] Batch: 1 | URL: https://www.meridiano.com/post/cuarta-semana-aprieta-zulia-mete-presion-la-guaira-responde-caribes-endereza-carretera.php | Date: 2025-12-05 | Status: SELECTED_FOR_PROCESSING | Message: URL queued for initial load
[2025-12-23 10:14:05] Batch: 1 | URL: https://www.meridiano.com/post/andretty-cordero-importado-yadier-pidio-respondio-tablazo.php | Date: 2025-12-05 | Status: SELECTED_FOR_PROCESSING | Message: URL queued for initial load
[2025-12-23 10:14:05] Batch: 1 | URL: https://www.meridiano.com/post/silvino-bracho-cerrando-metronomo-dos-rescates-cumbre-rapaz.php | Date: 2025-12-05 | Status: SELECTED_FOR_PROCESSING | Message: URL queued for initial load
[2025-12-23 10:14:05] Batch: 1 | URL: https://www.meridiano.com/post/noviembre-mes-apreto-lvbp-nadie-escapo-todos-vivos.php | Date: 2025-12-05 | Status: SELECTED_FOR_PROCESSING | Message: URL queued for initial load
[2025-12-23 10:14:05] Batch: 1 | URL: https://www.meridiano.com/post/jadher-areinamo-mejor-momento-mes-novela-guaira.php | Date: 2025-12-05 | Status: SELECTED_FOR_PROCESSING | Message: URL queued for initial load
[2025-12-23 10:14:05] Batch: 1 | URL: https://www.meridiano.com/post/jornada-dominical-23-noviembre-lvbp-remontadas-barridas-crisis.php | Date: 2025-12-05 | Status: SELECTED_FOR_PROCESSING | Message: URL queued for initial load
[2025-12-23 10:14:05] Batch: 1 | URL: https://www.meridiano.com/post/balbino-fuenmayor-semana-poder-reescribe-pulso-ofensivo-lvbp.php | Date: 2025-12-05 | Status: SELECTED_FOR_PROCESSING | Message: URL queued for initial load
[2025-12-23 10:14:05] Batch: 1 | URL: https://www.meridiano.com/post/bate-harold-castro-fieras-suenan-grande.php | Date: 2025-12-05 | Status: SELECTED_FOR_PROCESSING | Message: URL queued for initial load
[2025-12-23 10:14:05] Batch: 1 | URL: https://www.meridiano.com/post/chirinos-brazo-gano-octavo-inning-tormenta-turca.php | Date: 2025-12-05 | Status: SELECTED_FOR_PROCESSING | Message: URL queued for initial load
[2025-12-23 10:14:05] Batch: 1 | URL: https://www.meridiano.com/post/dos-nombres-propios-titulo-bateo.php | Date: 2025-12-05 | Status: SELECTED_FOR_PROCESSING | Message: URL queued for initial load
[2025-12-23 10:14:05] Batch: 1 | URL: https://www.meridiano.com/post/jadher-areinamo-novato-volante-lineup-ranking-conversacion-grande.php | Date: 2025-12-05 | Status: SELECTED_FOR_PROCESSING | Message: URL queued for initial load
[2025-12-23 10:14:05] Batch: 1 | URL: https://www.meridiano.com/post/freddy-fermin-luz-verde-padres-leones-regreso.php | Date: 2025-12-05 | Status: SELECTED_FOR_PROCESSING | Message: URL queued for initial load
[2025-12-23 10:14:05] Batch: 1 | URL: https://www.meridiano.com/post/henry-blanco-cuatro-juegos-fuera-codigo-etica-juega.php | Date: 2025-12-05 | Status: SELECTED_FOR_PROCESSING | Message: URL queued for initial load
[2025-12-23 10:14:05] Batch: 1 | URL: https://www.meridiano.com/post/rafael-cova-cinco-anos-despues-veterano-gana-juegos-lvbp.php | Date: 2025-12-05 | Status: SELECTED_FOR_PROCESSING | Message: URL queued for initial load
[2025-12-23 10:14:05] Batch: 1 | URL: https://www.meridiano.com/post/magallanes-resurge-semana-perfecta-pelea.php | Date: 2025-12-05 | Status: SELECTED_FOR_PROCESSING | Message: URL queued for initial load
[2025-12-23 10:14:05] Batch: 1 | URL: https://www.meridiano.com/post/andres-chaparro-estreno-bate-poder-aguilas-blindar-cima.php | Date: 2025-12-05 | Status: SELECTED_FOR_PROCESSING | Message: URL queued for initial load
[2025-12-23 10:14:05] Batch: 1 | URL: https://www.meridiano.com/post/tigres-manda-leones-respira-tabla-21-n-lvbp.php | Date: 2025-12-05 | Status: SELECTED_FOR_PROCESSING | Message: URL queued for initial load
[2025-12-23 10:14:05] Batch: 1 | URL: https://www.meridiano.com/post/noche-extrainnings-blanqueos-rachas-cruzadas-lvbp.php | Date: 2025-12-05 | Status: SELECTED_FOR_PROCESSING | Message: URL queued for initial load
[2025-12-23 10:14:05] Batch: 1 | URL: https://www.meridiano.com/post/bravos-afianza-tigres-responde-tabla-rojo-vivo.php | Date: 2025-12-05 | Status: SELECTED_FOR_PROCESSING | Message: URL queued for initial load
[2025-12-23 10:14:05] Batch: 1 | URL: https://www.meridiano.com/post/jornada-volteo-tabla-escoba-rinconada-golpe-puerto-cruz-chinita-insular.php | Date: 2025-12-05 | Status: SELECTED_FOR_PROCESSING | Message: URL queued for initial load
[2025-12-23 10:14:05] Batch: 1 | URL: https://www.meridiano.com/post/areinamo-novato-obliga-la-guaira-tabla-tampa-bay-calendario.php | Date: 2025-12-05 | Status: SELECTED_FOR_PROCESSING | Message: URL queued for initial load
[2025-12-23 10:14:05] Batch: 1 | URL: https://www.meridiano.com/post/maximo-acosta-motor-acelera-tiburones-fecha-salida.php | Date: 2025-12-05 | Status: SELECTED_FOR_PROCESSING | Message: URL queued for initial load
[2025-12-23 10:14:05] Batch: 1 | URL: https://www.meridiano.com/post/semana-5-resumen-analitico-lvbp-naufragio-turco-vuelo-zulia.php | Date: 2025-12-05 | Status: SELECTED_FOR_PROCESSING | Message: URL queued for initial load
[2025-12-23 10:14:05] Batch: 1 | URL: https://www.meridiano.com/post/noche-golpes-estrategicos-aguilas-despega-tiburones-respira-magallanes-no-muere.php | Date: 2025-12-05 | Status: SELECTED_FOR_PROCESSING | Message: URL queued for initial load
[2025-12-23 10:14:05] Batch: 1 | URL: https://www.meridiano.com/post/aguilas-prende-alarmas-pitcheo-tambalea-wilson-alvarez-mueve-piezas.php | Date: 2025-12-05 | Status: SELECTED_FOR_PROCESSING | Message: URL queued for initial load
[2025-12-23 10:14:05] Batch: 1 | URL: https://www.meridiano.com/post/jose-pirela-500-razones-historico-aguilas-zulia.php | Date: 2025-12-05 | Status: SELECTED_FOR_PROCESSING | Message: URL queued for initial load
[2025-12-23 10:14:05] Batch: 1 | URL: https://www.meridiano.com/post/jornada-alivios-golpes-triple-empate-cima-lvbp.php | Date: 2025-12-05 | Status: SELECTED_FOR_PROCESSING | Message: URL queued for initial load
[2025-12-23 10:14:05] Batch: 1 | URL: https://www.meridiano.com/post/jadher-areinamo-novato-lvbp-historia.php | Date: 2025-12-05 | Status: SELECTED_FOR_PROCESSING | Message: URL queued for initial load
[2025-12-23 10:14:05] Batch: 1 | URL: https://www.meridiano.com/post/noche-visitantes-remontadas-records-lvbp-jornada-26-noviembre.php | Date: 2025-12-05 | Status: SELECTED_FOR_PROCESSING | Message: URL queued for initial load
[2025-12-23 10:14:05] Batch: 1 | URL: https://www.meridiano.com/post/magallanes-primer-bate-encendido-promesa-refuerzos-importados.php | Date: 2025-12-05 | Status: SELECTED_FOR_PROCESSING | Message: URL queued for initial load
[2025-12-23 10:14:05] Batch: 1 | URL: https://www.meridiano.com/post/jadher-areinamo-jugador-semana-bate-manda-lvbp.php | Date: 2025-12-05 | Status: SELECTED_FOR_PROCESSING | Message: URL queued for initial load
[2025-12-23 10:14:05] Batch: 1 | URL: https://www.meridiano.com/post/alexi-amarista-ninja-selecto-club-800-hits.php | Date: 2025-12-05 | Status: SELECTED_FOR_PROCESSING | Message: URL queued for initial load
[2025-12-23 10:14:05] Batch: 1 | URL: https://www.meridiano.com/post/radiografia-tabla-incomoda-lideres-solidos-gigantes-hundidos-lvbp.php | Date: 2025-12-05 | Status: SELECTED_FOR_PROCESSING | Message: URL queued for initial load
[2025-12-23 10:14:05] Batch: 1 | URL: https://www.meridiano.com/post/jean-pinto-valor-abridor-profundidad-lvbp.php | Date: 2025-12-05 | Status: SELECTED_FOR_PROCESSING | Message: URL queued for initial load
[2025-12-23 10:14:05] Batch: 1 | URL: https://www.meridiano.com/post/jhostynxon-garcia-bate-boston-revivir-nave.php | Date: 2025-12-05 | Status: SELECTED_FOR_PROCESSING | Message: URL queued for initial load
[2025-12-23 10:14:05] Batch: 1 | URL: https://www.meridiano.com/post/27n-remontadas-lluvia-jonrones-relevos-lvbp.php | Date: 2025-12-05 | Status: SELECTED_FOR_PROCESSING | Message: URL queued for initial load
[2025-12-23 10:14:05] Batch: 1 | URL: https://www.meridiano.com/post/ola-movimientos-lvbp-reacomoda-mapa-rosters.php | Date: 2025-12-05 | Status: SELECTED_FOR_PROCESSING | Message: URL queued for initial load
[2025-12-23 10:14:05] Batch: 1 | URL: https://www.meridiano.com/post/juego-grandes-ligas-ucv-clasico-capitalino-lujo.php | Date: 2025-12-05 | Status: SELECTED_FOR_PROCESSING | Message: URL queued for initial load
[2025-12-23 10:14:05] Batch: 1 | URL: https://www.meridiano.com/post/perlaza-fecha-salida-mitad-problema-aguilas-corea.php | Date: 2025-12-05 | Status: SELECTED_FOR_PROCESSING | Message: URL queued for initial load
[2025-12-23 10:14:05] Batch: 1 | URL: https://www.meridiano.com/post/jugador-semana-7-wilson-garcia-jonrones-historia-margarita.php | Date: 2025-12-05 | Status: SELECTED_FOR_PROCESSING | Message: URL queued for initial load
[2025-12-23 10:14:05] Batch: 1 | URL: https://www.meridiano.com/post/simmons-escala-asia-estrategia-magallanes.php | Date: 2025-12-05 | Status: SELECTED_FOR_PROCESSING | Message: URL queued for initial load
[2025-12-23 10:14:05] Batch: 1 | URL: https://www.meridiano.com/post/cardenales-talento-criollo-chiquillo-bastidas-pinango-punto-inflexion-lara.php | Date: 2025-12-05 | Status: SELECTED_FOR_PROCESSING | Message: URL queued for initial load
[2025-12-23 10:14:05] Batch: 1 | URL: https://www.meridiano.com/post/plan-yadier-molina-levantar-magallanes-sotano.php | Date: 2025-12-05 | Status: SELECTED_FOR_PROCESSING | Message: URL queued for initial load
[2025-12-23 10:14:05] Batch: 1 | URL: https://www.meridiano.com/post/jornada-21-n-lvbp-tigres-manda-leones-respira-cardenales-se-rebela.php | Date: 2025-12-05 | Status: SELECTED_FOR_PROCESSING | Message: URL queued for initial load
[2025-12-23 10:14:05] Batch: 1 | URL: https://www.meridiano.com/post/henry-blanco-suspendido-dos-juegos-temple-lider-pelea-punta.php | Date: 2025-12-05 | Status: SELECTED_FOR_PROCESSING | Message: URL queued for initial load
[2025-12-23 10:14:05] Batch: 1 | URL: https://www.meridiano.com/post/amanecer-lvbp-23n-aguilas-mandan-magallanes-se-hunde.php | Date: 2025-12-05 | Status: SELECTED_FOR_PROCESSING | Message: URL queued for initial load
[2025-12-23 10:14:05] Batch: 1 | URL: https://www.meridiano.com/post/oleada-transacciones-brazos-nuevos-lvbp-mueve-sprint-final.php | Date: 2025-12-05 | Status: SELECTED_FOR_PROCESSING | Message: URL queued for initial load
[2025-12-23 10:14:05] Batch: 1 | URL: https://www.meridiano.com/post/semana-6-lvbp-lideres-perseguidores-crisis-fondo.php | Date: 2025-12-05 | Status: SELECTED_FOR_PROCESSING | Message: URL queued for initial load
[2025-12-23 10:14:05] Batch: 1 | URL: https://www.meridiano.com/post/resumen-05dic-jonrones-rachas-lider-lvbp.php | Date: 2025-12-06 | Status: SELECTED_FOR_PROCESSING | Message: URL queued for initial load
[2025-12-23 10:14:05] Batch: 1 | URL: https://www.meridiano.com/post/gabriel-moreno-barquisimetano-reordena-cardenales-detras-plato.php | Date: 2025-12-07 | Status: SELECTED_FOR_PROCESSING | Message: URL queued for initial load
[2025-12-23 10:14:05] Batch: 1 | URL: https://www.meridiano.com/post/resumen-06dic-bracho-historico-bravos-moreno-lara.php | Date: 2025-12-07 | Status: SELECTED_FOR_PROCESSING | Message: URL queued for initial load
[2025-12-23 10:14:05] Batch: 1 | URL: https://www.meridiano.com/post/freddy-fermin-timon-receptoria-melenuda.php | Date: 2025-12-07 | Status: SELECTED_FOR_PROCESSING | Message: URL queued for initial load
[2025-12-23 10:14:05] Batch: 1 | URL: https://www.meridiano.com/post/silvino-bracho-rey-noveno-record-salvados-200-ponches-aguilas-zulia.php | Date: 2025-12-07 | Status: SELECTED_FOR_PROCESSING | Message: URL queued for initial load
[2025-12-23 10:14:05] Batch: 1 | URL: https://www.meridiano.com/post/magallanes-2025-26-barco-pitcheo-liga-bateo.php | Date: 2025-12-07 | Status: SELECTED_FOR_PROCESSING | Message: URL queued for initial load
[2025-12-23 10:14:05] Batch: 1 | URL: https://www.meridiano.com/post/ola-firmas-listas-17-movimientos-reconfiguran-lvbp.php | Date: 2025-12-07 | Status: SELECTED_FOR_PROCESSING | Message: URL queued for initial load
[2025-12-23 10:14:05] Batch: 1 | URL: https://www.meridiano.com/post/ricardo-sanchez-zurdo-traje-as-magallanes.php | Date: 2025-12-07 | Status: SELECTED_FOR_PROCESSING | Message: URL queued for initial load
[2025-12-23 10:14:05] Batch: 1 | URL: https://www.meridiano.com/post/ali-castillo-cultura-contacto-650-razones-peso-lvbp.php | Date: 2025-12-07 | Status: SELECTED_FOR_PROCESSING | Message: URL queued for initial load
[2025-12-23 10:14:05] Batch: 1 | URL: https://www.meridiano.com/post/ildemaro-vargas-500-hits-lvbp.php | Date: 2025-12-08 | Status: SELECTED_FOR_PROCESSING | Message: URL queued for initial load
[2025-12-23 10:14:05] Batch: 1 | URL: https://www.meridiano.com/post/maikel-garcia-alarmas-la-guaira-lvbp.php | Date: 2025-12-08 | Status: SELECTED_FOR_PROCESSING | Message: URL queued for initial load
[2025-12-23 10:14:05] Batch: 1 | URL: https://www.meridiano.com/post/magallanes-apuesta-brazo-williander-moreno-remendar-bullpen.php | Date: 2025-12-08 | Status: SELECTED_FOR_PROCESSING | Message: URL queued for initial load
[2025-12-23 10:14:05] Batch: 1 | URL: https://www.meridiano.com/post/angelo-castellano-aguilas-completas-cima-lvbp.php | Date: 2025-12-08 | Status: SELECTED_FOR_PROCESSING | Message: URL queued for initial load
[2025-12-23 10:14:05] Batch: 1 | URL: https://www.meridiano.com/post/juego-estrellas-apagado-vitrina-lvbp-2025-26.php | Date: 2025-12-08 | Status: SELECTED_FOR_PROCESSING | Message: URL queued for initial load
[2025-12-23 10:14:05] Batch: 1 | URL: https://www.meridiano.com/post/ronald-acuna-jr-out-fantasia-primera-expulsion-lvbp.php | Date: 2025-12-08 | Status: SELECTED_FOR_PROCESSING | Message: URL queued for initial load
[2025-12-23 10:14:05] Batch: 1 | URL: https://www.meridiano.com/post/caribes-grietas-felipe-vazquez-lvbp.php | Date: 2025-12-09 | Status: SELECTED_FOR_PROCESSING | Message: URL queued for initial load
[2025-12-23 10:14:05] Batch: 1 | URL: https://www.meridiano.com/post/balbino-fuenmayor-instala-club-elite-jonroneros-lvbp.php | Date: 2025-12-09 | Status: SELECTED_FOR_PROCESSING | Message: URL queued for initial load
[2025-12-23 10:14:05] Batch: 1 | URL: https://www.meridiano.com/post/magallanes-naufraga-noveno-crisis-cierre-historica.php | Date: 2025-12-09 | Status: SELECTED_FOR_PROCESSING | Message: URL queued for initial load

=== Summary: Total=135 | Success=135 | Errors=0 ===

